Updating system with the options from the configuration file
Maximum wallclock time: 6:00:00

Wed Dec 29 16:34:36 2021
Iteration 1 (3 requested)
Beginning iteration 1
4 segments remain in iteration 1 (4 total)
1 of 20 (5.000000%) active bins are populated
per-bin minimum non-zero probability:       1
per-bin maximum probability:                1
per-bin probability dynamic range (kT):     0
per-segment minimum non-zero probability:   0.25
per-segment maximum non-zero probability:   0.25
per-segment probability dynamic range (kT): 0
norm = 1, error in norm = 0 (0*epsilon)
Iteration wallclock: 0:00:00.395628, cputime: 0:00:00.941482


Wed Dec 29 16:34:37 2021
Iteration 2 (3 requested)
Beginning iteration 2
12 segments remain in iteration 2 (12 total)
3 of 20 (15.000000%) active bins are populated
per-bin minimum non-zero probability:       0.25
per-bin maximum probability:                0.5
per-bin probability dynamic range (kT):     0.693147
per-segment minimum non-zero probability:   0.0625
per-segment maximum non-zero probability:   0.125
per-segment probability dynamic range (kT): 0.693147
norm = 1, error in norm = 0 (0*epsilon)
Recycled 0.0625 probability (1 walkers) from target state 'bound'
Recycled 0.1875 probability (2 walkers) from target state 'unbound'
Iteration wallclock: 0:00:02.432921, cputime: 0:00:02.950557


Wed Dec 29 16:34:39 2021
Iteration 3 (3 requested)
Beginning iteration 3
20 segments remain in iteration 3 (20 total)
5 of 20 (25.000000%) active bins are populated
per-bin minimum non-zero probability:       0.0625
per-bin maximum probability:                0.5
per-bin probability dynamic range (kT):     2.07944
per-segment minimum non-zero probability:   0.015625
per-segment maximum non-zero probability:   0.125
per-segment probability dynamic range (kT): 2.07944
norm = 1, error in norm = 0 (0*epsilon)
Recycled 0.015625 probability (1 walkers) from target state 'bound'
Iteration wallclock: 0:00:01.370620, cputime: 0:00:04.498469


Wed Dec 29 16:34:41 2021
WEST run complete.
