Log file opened on Wed Dec 29 16:34:37 2021
Host: dhiman-Inspiron-15-5510  pid: 176853  rank ID: 0  number of ranks:  1
                      :-) GROMACS - gmx mdrun, 2018.6 (-:

                            GROMACS is written by:
     Emile Apol      Rossen Apostolov      Paul Bauer     Herman J.C. Berendsen
    Par Bjelkmar    Aldert van Buuren   Rudi van Drunen     Anton Feenstra  
  Gerrit Groenhof    Aleksei Iupinov   Christoph Junghans   Anca Hamuraru   
 Vincent Hindriksen Dimitrios Karkoulis    Peter Kasson        Jiri Kraus    
  Carsten Kutzner      Per Larsson      Justin A. Lemkul    Viveca Lindahl  
  Magnus Lundborg   Pieter Meulenhoff    Erik Marklund      Teemu Murtola   
    Szilard Pall       Sander Pronk      Roland Schulz     Alexey Shvetsov  
   Michael Shirts     Alfons Sijbers     Peter Tieleman    Teemu Virolainen 
 Christian Wennberg    Maarten Wolf   
                           and the project leaders:
        Mark Abraham, Berk Hess, Erik Lindahl, and David van der Spoel

Copyright (c) 1991-2000, University of Groningen, The Netherlands.
Copyright (c) 2001-2017, The GROMACS development team at
Uppsala University, Stockholm University and
the Royal Institute of Technology, Sweden.
check out http://www.gromacs.org for more information.

GROMACS is free software; you can redistribute it and/or modify it
under the terms of the GNU Lesser General Public License
as published by the Free Software Foundation; either version 2.1
of the License, or (at your option) any later version.

GROMACS:      gmx mdrun, version 2018.6
Executable:   /home/dhiman/miniconda3/envs/plumed-westpa/bin/gmx
Data prefix:  /home/dhiman/miniconda3/envs/plumed-westpa
Working dir:  /home/dhiman/PLUMED-WESTPA/on-the-fly/nacl_gb/traj_segs/000002/000002
Command line:
  gmx mdrun -s seg.tpr -o seg.trr -c seg.gro -e seg.edr -cpo seg.cpt -g seg.log -plumed plumed.dat

GROMACS version:    2018.6
Precision:          single
Memory model:       64 bit
MPI library:        none
OpenMP support:     enabled (GMX_OPENMP_MAX_THREADS = 64)
GPU support:        disabled
SIMD instructions:  SSE2
FFT library:        fftw-3.3.10-sse2-avx
RDTSCP usage:       disabled
TNG support:        enabled
Hwloc support:      disabled
Tracing support:    disabled
Built on:           2019-07-27 16:28:03
Built by:           travis@travis-job-172f7e61-987b-42be-8f64-bed9f11efaf0 [CMAKE]
Build OS/arch:      Linux 4.15.0-1028-gcp x86_64
Build CPU vendor:   Unknown
Build CPU brand:    Unknown
Build CPU family:   0   Model: 0   Stepping: 0
Build CPU features: Unknown
C compiler:         /home/travis/opt/conda/conda-bld/gromacs_1564244721722/_build_env/bin/x86_64-conda_cos6-linux-gnu-cc GNU 7.3.0
C compiler flags:    -msse2   -march=nocona -mtune=haswell -ftree-vectorize -fPIC -fstack-protector-strong -fno-plt -O2 -ffunction-sections -pipe -I/home/dhiman/miniconda3/envs/plumed-westpa/include -fdebug-prefix-map=/home/travis/opt/conda/conda-bld/gromacs_1564244721722/work=/usr/local/src/conda/gromacs-2018.6 -fdebug-prefix-map=/home/dhiman/miniconda3/envs/plumed-westpa=/usr/local/src/conda-prefix  -O3 -DNDEBUG -funroll-all-loops -fexcess-precision=fast  
C++ compiler:       /home/travis/opt/conda/conda-bld/gromacs_1564244721722/_build_env/bin/x86_64-conda_cos6-linux-gnu-c++ GNU 7.3.0
C++ compiler flags:  -msse2   -fvisibility-inlines-hidden -std=c++17 -fmessage-length=0 -march=nocona -mtune=haswell -ftree-vectorize -fPIC -fstack-protector-strong -fno-plt -O2 -ffunction-sections -pipe -I/home/dhiman/miniconda3/envs/plumed-westpa/include -fdebug-prefix-map=/home/travis/opt/conda/conda-bld/gromacs_1564244721722/work=/usr/local/src/conda/gromacs-2018.6 -fdebug-prefix-map=/home/dhiman/miniconda3/envs/plumed-westpa=/usr/local/src/conda-prefix -std=c++11   -O3 -DNDEBUG -funroll-all-loops -fexcess-precision=fast  


Running on 1 node with total 4 cores, 8 logical cores
Hardware detected:
  CPU info:
    Vendor: Intel
    Brand:  11th Gen Intel(R) Core(TM) i7-11390H @ 3.40GHz
    Family: 6   Model: 140   Stepping: 2
    Features: aes apic avx avx2 avx512f avx512cd avx512bw avx512vl clfsh cmov cx8 cx16 f16c fma htt intel lahf mmx msr nonstop_tsc pcid pclmuldq pdcm pdpe1gb popcnt pse rdrnd rdtscp sha sse2 sse3 sse4.1 sse4.2 ssse3 tdt x2apic
    Number of AVX-512 FMA units: Cannot run AVX-512 detection - assuming 2
  Hardware topology: Basic
    Sockets, cores, and logical processors:
      Socket  0: [   0   4] [   1   5] [   2   6] [   3   7]

Highest SIMD level requested by all nodes in run: AVX_512
SIMD instructions selected at compile time:       SSE2
This program was compiled for different hardware than you are running on,
which could influence performance.
The current CPU can measure timings more accurately than the code in
gmx mdrun was configured to use. This might affect your simulation
speed as accurate timings are needed for load-balancing.
Please consider rebuilding gmx mdrun with the GMX_USE_RDTSCP=ON CMake option.

++++ PLEASE READ AND CITE THE FOLLOWING REFERENCE ++++
M. J. Abraham, T. Murtola, R. Schulz, S. Páll, J. C. Smith, B. Hess, E.
Lindahl
GROMACS: High performance molecular simulations through multi-level
parallelism from laptops to supercomputers
SoftwareX 1 (2015) pp. 19-25
-------- -------- --- Thank You --- -------- --------


++++ PLEASE READ AND CITE THE FOLLOWING REFERENCE ++++
S. Páll, M. J. Abraham, C. Kutzner, B. Hess, E. Lindahl
Tackling Exascale Software Challenges in Molecular Dynamics Simulations with
GROMACS
In S. Markidis & E. Laure (Eds.), Solving Software Challenges for Exascale 8759 (2015) pp. 3-27
-------- -------- --- Thank You --- -------- --------


++++ PLEASE READ AND CITE THE FOLLOWING REFERENCE ++++
S. Pronk, S. Páll, R. Schulz, P. Larsson, P. Bjelkmar, R. Apostolov, M. R.
Shirts, J. C. Smith, P. M. Kasson, D. van der Spoel, B. Hess, and E. Lindahl
GROMACS 4.5: a high-throughput and highly parallel open source molecular
simulation toolkit
Bioinformatics 29 (2013) pp. 845-54
-------- -------- --- Thank You --- -------- --------


++++ PLEASE READ AND CITE THE FOLLOWING REFERENCE ++++
B. Hess and C. Kutzner and D. van der Spoel and E. Lindahl
GROMACS 4: Algorithms for highly efficient, load-balanced, and scalable
molecular simulation
J. Chem. Theory Comput. 4 (2008) pp. 435-447
-------- -------- --- Thank You --- -------- --------


++++ PLEASE READ AND CITE THE FOLLOWING REFERENCE ++++
D. van der Spoel, E. Lindahl, B. Hess, G. Groenhof, A. E. Mark and H. J. C.
Berendsen
GROMACS: Fast, Flexible and Free
J. Comp. Chem. 26 (2005) pp. 1701-1719
-------- -------- --- Thank You --- -------- --------


++++ PLEASE READ AND CITE THE FOLLOWING REFERENCE ++++
E. Lindahl and B. Hess and D. van der Spoel
GROMACS 3.0: A package for molecular simulation and trajectory analysis
J. Mol. Mod. 7 (2001) pp. 306-317
-------- -------- --- Thank You --- -------- --------


++++ PLEASE READ AND CITE THE FOLLOWING REFERENCE ++++
H. J. C. Berendsen, D. van der Spoel and R. van Drunen
GROMACS: A message-passing parallel molecular dynamics implementation
Comp. Phys. Comm. 91 (1995) pp. 43-56
-------- -------- --- Thank You --- -------- --------

Input Parameters:
   integrator                     = sd
   tinit                          = 0
   dt                             = 0.002
   nsteps                         = 250
   init-step                      = 0
   simulation-part                = 1
   comm-mode                      = Linear
   nstcomm                        = 250
   bd-fric                        = 0
   ld-seed                        = 16061
   emtol                          = 10
   emstep                         = 0.01
   niter                          = 20
   fcstep                         = 0
   nstcgsteep                     = 1000
   nbfgscorr                      = 10
   rtpi                           = 0.05
   nstxout                        = 50
   nstvout                        = 50
   nstfout                        = 50
   nstlog                         = 50
   nstcalcenergy                  = 50
   nstenergy                      = 50
   nstxout-compressed             = 0
   compressed-x-precision         = 1000
   cutoff-scheme                  = Group
   nstlist                        = 0
   ns-type                        = Grid
   pbc                            = no
   periodic-molecules             = false
   verlet-buffer-tolerance        = 0.005
   rlist                          = 0
   coulombtype                    = Cut-off
   coulomb-modifier               = None
   rcoulomb-switch                = 0
   rcoulomb                       = 0
   epsilon-r                      = 1
   epsilon-rf                     = inf
   vdw-type                       = Cut-off
   vdw-modifier                   = None
   rvdw-switch                    = 0
   rvdw                           = 0
   DispCorr                       = No
   table-extension                = 1
   fourierspacing                 = 0.12
   fourier-nx                     = 0
   fourier-ny                     = 0
   fourier-nz                     = 0
   pme-order                      = 4
   ewald-rtol                     = 1e-05
   ewald-rtol-lj                  = 0.001
   lj-pme-comb-rule               = Geometric
   ewald-geometry                 = 0
   epsilon-surface                = 0
   implicit-solvent               = GBSA
   gb-algorithm                   = HCT
   nstgbradii                     = 1
   rgbradii                       = 0
   gb-epsilon-solvent             = 80
   gb-saltconc                    = 0
   gb-obc-alpha                   = 1
   gb-obc-beta                    = 0.8
   gb-obc-gamma                   = 4.85
   gb-dielectric-offset           = 0.009
   sa-algorithm                   = Ace-approximation
   sa-surface-tension             = 2.25936
   tcoupl                         = No
   nsttcouple                     = -1
   nh-chain-length                = 0
   print-nose-hoover-chain-variables = false
   pcoupl                         = No
   pcoupltype                     = Isotropic
   nstpcouple                     = -1
   tau-p                          = 1
   compressibility (3x3):
      compressibility[    0]={ 0.00000e+00,  0.00000e+00,  0.00000e+00}
      compressibility[    1]={ 0.00000e+00,  0.00000e+00,  0.00000e+00}
      compressibility[    2]={ 0.00000e+00,  0.00000e+00,  0.00000e+00}
   ref-p (3x3):
      ref-p[    0]={ 0.00000e+00,  0.00000e+00,  0.00000e+00}
      ref-p[    1]={ 0.00000e+00,  0.00000e+00,  0.00000e+00}
      ref-p[    2]={ 0.00000e+00,  0.00000e+00,  0.00000e+00}
   refcoord-scaling               = No
   posres-com (3):
      posres-com[0]= 0.00000e+00
      posres-com[1]= 0.00000e+00
      posres-com[2]= 0.00000e+00
   posres-comB (3):
      posres-comB[0]= 0.00000e+00
      posres-comB[1]= 0.00000e+00
      posres-comB[2]= 0.00000e+00
   QMMM                           = false
   QMconstraints                  = 0
   QMMMscheme                     = 0
   MMChargeScaleFactor            = 1
qm-opts:
   ngQM                           = 0
   constraint-algorithm           = Lincs
   continuation                   = false
   Shake-SOR                      = false
   shake-tol                      = 0.0001
   lincs-order                    = 4
   lincs-iter                     = 1
   lincs-warnangle                = 30
   nwall                          = 0
   wall-type                      = 9-3
   wall-r-linpot                  = -1
   wall-atomtype[0]               = -1
   wall-atomtype[1]               = -1
   wall-density[0]                = 0
   wall-density[1]                = 0
   wall-ewald-zfac                = 3
   pull                           = false
   awh                            = false
   rotation                       = false
   interactiveMD                  = false
   disre                          = No
   disre-weighting                = Conservative
   disre-mixed                    = false
   dr-fc                          = 1000
   dr-tau                         = 0
   nstdisreout                    = 100
   orire-fc                       = 0
   orire-tau                      = 0
   nstorireout                    = 100
   free-energy                    = no
   cos-acceleration               = 0
   deform (3x3):
      deform[    0]={ 0.00000e+00,  0.00000e+00,  0.00000e+00}
      deform[    1]={ 0.00000e+00,  0.00000e+00,  0.00000e+00}
      deform[    2]={ 0.00000e+00,  0.00000e+00,  0.00000e+00}
   simulated-tempering            = false
   swapcoords                     = no
   userint1                       = 0
   userint2                       = 0
   userint3                       = 0
   userint4                       = 0
   userreal1                      = 0
   userreal2                      = 0
   userreal3                      = 0
   userreal4                      = 0
   applied-forces:
     electric-field:
       x:
         E0                       = 0
         omega                    = 0
         t0                       = 0
         sigma                    = 0
       y:
         E0                       = 0
         omega                    = 0
         t0                       = 0
         sigma                    = 0
       z:
         E0                       = 0
         omega                    = 0
         t0                       = 0
         sigma                    = 0
grpopts:
   nrdf:           3
   ref-t:         300
   tau-t:           2
annealing:          No
annealing-npoints:           0
   acc:	           0           0           0
   nfreeze:           N           N           N
   energygrp-flags[  0]: 0


Using SIMD all-vs-all kernels.



Pinning threads with an auto-selected logical core stride of 2

Your simulation settings would have triggered the efficient all-vs-all
kernels in GROMACS 4.5, but these have not been implemented in GROMACS
4.6 and 5.x. If performance is important, please use GROMACS 4.5.7
or try cutoff-scheme = Verlet.


NOTE: This file uses the deprecated 'group' cutoff_scheme. This will be
removed in a future release when 'verlet' supports all interaction forms.

System total charge: 0.000
Potential shift: LJ r^-12: 0.000e+00 r^-6: 0.000e+00, Coulomb -0e+00
Table routines are used for coulomb: false
Table routines are used for vdw:     false
Cut-off's:   NS: 1e+18   Coulomb: 1e+18   LJ: 1e+18

The support for implicit solvent is deprecated, and may be removed in a future version.


Intra-simulation communication will occur every 50 steps.
Center of mass motion removal mode is Linear
We have the following groups for center of mass motion removal:
  0:  rest

++++ PLEASE READ AND CITE THE FOLLOWING REFERENCE ++++
N. Goga and A. J. Rzepiela and A. H. de Vries and S. J. Marrink and H. J. C.
Berendsen
Efficient Algorithms for Langevin and DPD Dynamics
J. Chem. Theory Comput. 8 (2012) pp. 3637--3649
-------- -------- --- Thank You --- -------- --------

There are: 2 Atoms
Initial temperature: 452.09 K

PLUMED: PLUMED is starting
PLUMED: Version: 2.7.3 (git: Unknown) compiled on Dec  1 2021 at 12:51:58
PLUMED: Please cite these papers when using PLUMED [1][2]
PLUMED: For further information see the PLUMED web page at http://www.plumed.org
PLUMED: Root: /home/dhiman/miniconda3/envs/plumed-westpa/lib/plumed
PLUMED: For installed feature, see /home/dhiman/miniconda3/envs/plumed-westpa/lib/plumed/src/config/config.txt
PLUMED: Molecular dynamics engine: gromacs
PLUMED: Precision of reals: 4
PLUMED: Running over 1 node
PLUMED: Number of threads: 1
PLUMED: Cache line size: 512
PLUMED: Number of atoms: 2
PLUMED: File suffix: 
PLUMED: FILE: plumed.dat
PLUMED: Action DISTANCE
PLUMED:   with label d
PLUMED:   between atoms 1 2
PLUMED:   using periodic boundary conditions
PLUMED: Action PRINT
PLUMED:   with label @1
PLUMED:   with stride 50
PLUMED:   with arguments d
PLUMED:   on file COLVAR
PLUMED:   with format  %f
PLUMED: END FILE: plumed.dat
PLUMED: Timestep: 0.002000
PLUMED: KbT: 2.494339
PLUMED: Relevant bibliography:
PLUMED:   [1] The PLUMED consortium, Nat. Methods 16, 670 (2019)
PLUMED:   [2] Tribello, Bonomi, Branduardi, Camilloni, and Bussi, Comput. Phys. Commun. 185, 604 (2014)
PLUMED: Please read and cite where appropriate!
PLUMED: Finished setup
Started mdrun on rank 0 Wed Dec 29 16:34:37 2021
           Step           Time
              0        0.00000

Note: The available nonbonded kernels do not support water optimization - disabling.

Grid: 2 x 2 x 2 cells
   Energies (kJ/mol)
GB Polarization  Nonpolar Sol.        LJ (SR)   Coulomb (SR)      Potential
   -8.42008e+01    3.37771e+00   -5.88574e-03   -2.74773e+02   -3.55602e+02
    Kinetic En.   Total Energy    Temperature Pressure (bar)
    5.39614e+00   -3.50206e+02    4.32671e+02    0.00000e+00

           Step           Time
             50        0.10000

   Energies (kJ/mol)
GB Polarization  Nonpolar Sol.        LJ (SR)   Coulomb (SR)      Potential
   -8.42008e+01    3.37771e+00   -2.89356e-02   -3.59320e+02   -4.40172e+02
    Kinetic En.   Total Energy    Temperature Pressure (bar)
    9.25019e+01   -3.47670e+02    7.41694e+03    0.00000e+00

           Step           Time
            100        0.20000

   Energies (kJ/mol)
GB Polarization  Nonpolar Sol.        LJ (SR)   Coulomb (SR)      Potential
   -8.42008e+01    3.37771e+00   -3.02542e-02   -3.62059e+02   -4.42912e+02
    Kinetic En.   Total Energy    Temperature Pressure (bar)
    3.89247e+01   -4.03988e+02    3.12104e+03    0.00000e+00

           Step           Time
            150        0.30000

   Energies (kJ/mol)
GB Polarization  Nonpolar Sol.        LJ (SR)   Coulomb (SR)      Potential
   -8.42008e+01    3.37771e+00   -9.19721e-02   -4.39477e+02   -5.20392e+02
    Kinetic En.   Total Energy    Temperature Pressure (bar)
    1.14473e+02   -4.05918e+02    9.17864e+03    0.00000e+00

           Step           Time
            200        0.40000

   Energies (kJ/mol)
GB Polarization  Nonpolar Sol.        LJ (SR)   Coulomb (SR)      Potential
   -8.42008e+01    3.37771e+00   -4.73737e-02   -3.91022e+02   -4.71893e+02
    Kinetic En.   Total Energy    Temperature Pressure (bar)
    5.31335e+00   -4.66580e+02    4.26033e+02    0.00000e+00

           Step           Time
            250        0.50000

Writing checkpoint, step 250 at Wed Dec 29 16:34:37 2021


   Energies (kJ/mol)
GB Polarization  Nonpolar Sol.        LJ (SR)   Coulomb (SR)      Potential
   -8.42008e+01    3.37771e+00   -2.06526e-01   -5.13449e+02   -5.94479e+02
    Kinetic En.   Total Energy    Temperature Pressure (bar)
    9.36037e+01   -5.00875e+02    7.50529e+03    0.00000e+00

	<======  ###############  ==>
	<====  A V E R A G E S  ====>
	<==  ###############  ======>

	Statistics over 251 steps using 6 frames

   Energies (kJ/mol)
GB Polarization  Nonpolar Sol.        LJ (SR)   Coulomb (SR)      Potential
   -8.42008e+01    3.37771e+00   -6.84913e-02   -3.90017e+02   -4.70908e+02
    Kinetic En.   Total Energy    Temperature Pressure (bar)
    5.83688e+01   -4.12539e+02    4.68010e+03    0.00000e+00

   Total Virial (kJ/mol)
    6.33768e+01   -1.18642e+01   -3.53900e+01
   -1.18642e+01    7.78131e+01    5.66363e+01
   -3.53900e+01    5.66363e+01    5.29332e+01

   Pressure (bar)
    0.00000e+00    0.00000e+00    0.00000e+00
    0.00000e+00    0.00000e+00    0.00000e+00
    0.00000e+00    0.00000e+00    0.00000e+00


	M E G A - F L O P S   A C C O U N T I N G

 NB=Group-cutoff nonbonded kernels    NxN=N-by-N cluster Verlet kernels
 RF=Reaction-Field  VdW=Van der Waals  QSTab=quadratic-spline table
 W3=SPC/TIP3p  W4=TIP4p (single or pairs)
 V&F=Potential and force  V=Potential only  F=Force only

 Computing:                               M-Number         M-Flops  % Flops
-----------------------------------------------------------------------------
 NB VdW & Elec. [V&F]                     0.001788           0.002     0.0
 NB VdW & Elec. [F]                       0.065415           0.065     0.2
 Born radii (HCT/OBC)                     0.199043          36.425    99.1
 Born force chain rule                    0.017319           0.260     0.7
 NS-Pairs                                 0.000003           0.000     0.0
 CG-CoM                                   0.000002           0.000     0.0
 Virial                                   0.000282           0.005     0.0
 Stop-CM                                  0.000006           0.000     0.0
 Calc-Ekin                                0.000024           0.001     0.0
-----------------------------------------------------------------------------
 Total                                                      36.758   100.0
-----------------------------------------------------------------------------


     R E A L   C Y C L E   A N D   T I M E   A C C O U N T I N G

On 1 MPI rank

 Computing:          Num   Num      Call    Wall time         Giga-Cycles
                     Ranks Threads  Count      (s)         total sum    %
-----------------------------------------------------------------------------
 Neighbor search        1    1          1       0.000          0.000   0.1
 Force                  1    1        251       0.001          0.002   1.5
 Write traj.            1    1          6       0.032          0.093  91.6
 Update                 1    1        251       0.000          0.001   0.8
 Rest                                           0.002          0.006   6.0
-----------------------------------------------------------------------------
 Total                                          0.035          0.102 100.0
-----------------------------------------------------------------------------

               Core t (s)   Wall t (s)        (%)
       Time:        0.035        0.035      100.0
                 (ns/day)    (hour/ns)
Performance:     1244.348        0.019
Finished mdrun on rank 0 Wed Dec 29 16:34:37 2021
PLUMED:                                               Cycles        Total      Average      Minimum      Maximum
PLUMED:                                                    1     0.001774     0.001774     0.001774     0.001774
PLUMED: 1 Prepare dependencies                           251     0.000049     0.000000     0.000000     0.000001
PLUMED: 2 Sharing data                                     6     0.000007     0.000001     0.000001     0.000004
PLUMED: 3 Waiting for data                                 6     0.000002     0.000000     0.000000     0.000001
PLUMED: 4 Calculating (forward loop)                       6     0.000016     0.000003     0.000002     0.000007
PLUMED: 5 Applying (backward loop)                         6     0.000013     0.000002     0.000001     0.000005
PLUMED: 6 Update                                           6     0.000040     0.000007     0.000002     0.000023
