Updating system with the options from the configuration file
Maximum wallclock time: 6:00:00

Wed Dec 29 16:44:04 2021
Iteration 1 (3 requested)
Beginning iteration 1
4 segments remain in iteration 1 (4 total)
1 of 20 (5.000000%) active bins are populated
per-bin minimum non-zero probability:       1
per-bin maximum probability:                1
per-bin probability dynamic range (kT):     0
per-segment minimum non-zero probability:   0.25
per-segment maximum non-zero probability:   0.25
per-segment probability dynamic range (kT): 0
norm = 1, error in norm = 0 (0*epsilon)
Iteration wallclock: 0:00:00.262652, cputime: 0:00:00.640084


Wed Dec 29 16:44:04 2021
Iteration 2 (3 requested)
Beginning iteration 2
16 segments remain in iteration 2 (16 total)
4 of 20 (20.000000%) active bins are populated
per-bin minimum non-zero probability:       0.25
per-bin maximum probability:                0.25
per-bin probability dynamic range (kT):     0
per-segment minimum non-zero probability:   0.0625
per-segment maximum non-zero probability:   0.0625
per-segment probability dynamic range (kT): 0
norm = 1, error in norm = 0 (0*epsilon)
Recycled 0.0625 probability (1 walkers) from target state 'bound'
Iteration wallclock: 0:00:01.386655, cputime: 0:00:03.302057


Wed Dec 29 16:44:05 2021
Iteration 3 (3 requested)
Beginning iteration 3
32 segments remain in iteration 3 (32 total)
8 of 20 (40.000000%) active bins are populated
per-bin minimum non-zero probability:       0.0625
per-bin maximum probability:                0.375
per-bin probability dynamic range (kT):     1.79176
per-segment minimum non-zero probability:   0.015625
per-segment maximum non-zero probability:   0.125
per-segment probability dynamic range (kT): 2.07944
norm = 1, error in norm = 0 (0*epsilon)
Recycled 0.078125 probability (2 walkers) from target state 'bound'
Recycled 0.015625 probability (1 walkers) from target state 'unbound'
Iteration wallclock: 0:00:02.110254, cputime: 0:00:07.176589


Wed Dec 29 16:44:08 2021
WEST run complete.
